<?xml version="1.0" encoding="UTF-8"?>
<testng-results ignored="0" total="3" passed="2" failed="1" skipped="0">
  <reporter-output>
  </reporter-output>
  <suite started-at="2025-10-17T10:17:32 IST" name="Suite" finished-at="2025-10-17T10:18:52 IST" duration-ms="80056">
    <groups>
      <group name="cucumber">
        <method signature="AbstractTestNGCucumberTests.runScenario(io.cucumber.testng.PickleWrapper,io.cucumber.testng.FeatureWrapper)[pri:0, instance:runners.TestRunner@16c069df]" name="runScenario" class="io.cucumber.testng.AbstractTestNGCucumberTests"/>
      </group> <!-- cucumber -->
    </groups>
    <test started-at="2025-10-17T10:17:32 IST" name="Test" finished-at="2025-10-17T10:18:52 IST" duration-ms="80056">
      <class name="runners.TestRunner">
        <test-method is-config="true" signature="cleanReports()[pri:0, instance:runners.TestRunner@16c069df]" started-at="2025-10-17T10:17:31 IST" name="cleanReports" finished-at="2025-10-17T10:17:32 IST" duration-ms="38" status="PASS">
          <reporter-output>
          </reporter-output>
        </test-method> <!-- cleanReports -->
        <test-method is-config="true" signature="setUpClass(org.testng.ITestContext)[pri:0, instance:runners.TestRunner@16c069df]" started-at="2025-10-17T10:17:32 IST" name="setUpClass" finished-at="2025-10-17T10:17:32 IST" duration-ms="762" status="PASS">
          <params>
            <param index="0">
              <value>
                <![CDATA[org.testng.TestRunner@aa8dce8]]>
              </value>
            </param>
          </params>
          <reporter-output>
          </reporter-output>
        </test-method> <!-- setUpClass -->
        <test-method signature="runScenario(io.cucumber.testng.PickleWrapper,io.cucumber.testng.FeatureWrapper)[pri:0, instance:runners.TestRunner@16c069df]" started-at="2025-10-17T10:17:32 IST" name="runScenario" description="Runs Cucumber Scenarios" data-provider="scenarios" finished-at="2025-10-17T10:17:54 IST" duration-ms="21339" status="PASS">
          <params>
            <param index="0">
              <value>
                <![CDATA["Verify Error Message for Invalid Mobile Number during Car Insurance Quote"]]>
              </value>
            </param>
            <param index="1">
              <value>
                <![CDATA["Car Insurance Quote Submission"]]>
              </value>
            </param>
          </params>
          <reporter-output>
          </reporter-output>
        </test-method> <!-- runScenario -->
        <test-method signature="runScenario(io.cucumber.testng.PickleWrapper,io.cucumber.testng.FeatureWrapper)[pri:0, instance:runners.TestRunner@16c069df]" started-at="2025-10-17T10:17:54 IST" name="runScenario" description="Runs Cucumber Scenarios" data-provider="scenarios" finished-at="2025-10-17T10:18:38 IST" duration-ms="44024" status="FAIL">
          <params>
            <param index="0">
              <value>
                <![CDATA["Successfully navigate through the EGH insurance quote process"]]>
              </value>
            </param>
            <param index="1">
              <value>
                <![CDATA["EGH Insurance Quote Flow"]]>
              </value>
            </param>
          </params>
          <exception class="org.openqa.selenium.TimeoutException">
            <message>
              <![CDATA[Expected condition failed: waiting for visibility of [[ChromeDriver: chrome on windows (d1ea572f92b92b94ac78b121e2e9fd37)] -> id: CompanyName] (tried for 10 second(s) with 500 milliseconds interval)
Build info: version: '4.21.0', revision: '79ed462ef4'
System info: os.name: 'Windows 11', os.arch: 'amd64', os.version: '10.0', java.version: '21.0.6'
Driver info: org.openqa.selenium.chrome.ChromeDriver
Capabilities {acceptInsecureCerts: false, browserName: chrome, browserVersion: 140.0.7339.186, chrome: {chromedriverVersion: 140.0.7339.207 (17230b545fd..., userDataDir: C:\Users\2430655\AppData\Lo...}, fedcm:accounts: true, goog:chromeOptions: {debuggerAddress: localhost:63208}, networkConnectionEnabled: false, pageLoadStrategy: normal, platformName: windows, proxy: Proxy(), se:cdp: ws://localhost:63208/devtoo..., se:cdpVersion: 140.0.7339.186, setWindowRect: true, strictFileInteractability: false, timeouts: {implicit: 0, pageLoad: 300000, script: 30000}, unhandledPromptBehavior: dismiss and notify, webauthn:extension:credBlob: true, webauthn:extension:largeBlob: true, webauthn:extension:minPinLength: true, webauthn:extension:prf: true, webauthn:virtualAuthenticators: true}
Session ID: d1ea572f92b92b94ac78b121e2e9fd37]]>
            </message>
            <full-stacktrace>
              <![CDATA[org.openqa.selenium.TimeoutException: Expected condition failed: waiting for visibility of [[ChromeDriver: chrome on windows (d1ea572f92b92b94ac78b121e2e9fd37)] -> id: CompanyName] (tried for 10 second(s) with 500 milliseconds interval)
Build info: version: '4.21.0', revision: '79ed462ef4'
System info: os.name: 'Windows 11', os.arch: 'amd64', os.version: '10.0', java.version: '21.0.6'
Driver info: org.openqa.selenium.chrome.ChromeDriver
Capabilities {acceptInsecureCerts: false, browserName: chrome, browserVersion: 140.0.7339.186, chrome: {chromedriverVersion: 140.0.7339.207 (17230b545fd..., userDataDir: C:\Users\2430655\AppData\Lo...}, fedcm:accounts: true, goog:chromeOptions: {debuggerAddress: localhost:63208}, networkConnectionEnabled: false, pageLoadStrategy: normal, platformName: windows, proxy: Proxy(), se:cdp: ws://localhost:63208/devtoo..., se:cdpVersion: 140.0.7339.186, setWindowRect: true, strictFileInteractability: false, timeouts: {implicit: 0, pageLoad: 300000, script: 30000}, unhandledPromptBehavior: dismiss and notify, webauthn:extension:credBlob: true, webauthn:extension:largeBlob: true, webauthn:extension:minPinLength: true, webauthn:extension:prf: true, webauthn:virtualAuthenticators: true}
Session ID: d1ea572f92b92b94ac78b121e2e9fd37
at org.openqa.selenium.support.ui.WebDriverWait.timeoutException(WebDriverWait.java:84)
at org.openqa.selenium.support.ui.FluentWait.until(FluentWait.java:228)
at main.EGHInsurance_Page.waitForElementToBeReady(EGHInsurance_Page.java:64)
at main.EGHInsurance_Page.enterText(EGHInsurance_Page.java:75)
at main.EGHInsurance_Page.enterCompanyName(EGHInsurance_Page.java:152)
at stepdefinitions.EGHInsuranceSteps.user_enters_company_name(EGHInsuranceSteps.java:67)
at ✽.the user enters company name "CTS"(file:///C:/Users/2430655/Downloads/PolicyBazar_Atomation-master%20(3)%202%20(1)/PolicyBazar_Atomation-master%20(3)/PolicyBazar_Atomation-master/PolicyBazar_Atomation-master/./src/test/resources/features/EGHlInsurance.feature:15)
]]>
            </full-stacktrace>
          </exception> <!-- org.openqa.selenium.TimeoutException -->
          <reporter-output>
          </reporter-output>
        </test-method> <!-- runScenario -->
        <test-method signature="runScenario(io.cucumber.testng.PickleWrapper,io.cucumber.testng.FeatureWrapper)[pri:0, instance:runners.TestRunner@16c069df]" started-at="2025-10-17T10:18:38 IST" name="runScenario" description="Runs Cucumber Scenarios" data-provider="scenarios" finished-at="2025-10-17T10:18:51 IST" duration-ms="13767" status="PASS">
          <params>
            <param index="0">
              <value>
                <![CDATA["Verify display of medical insurance options"]]>
              </value>
            </param>
            <param index="1">
              <value>
                <![CDATA["Medical Insurance Options Retrieval"]]>
              </value>
            </param>
          </params>
          <reporter-output>
          </reporter-output>
        </test-method> <!-- runScenario -->
        <test-method is-config="true" signature="tearDownClass()[pri:0, instance:runners.TestRunner@16c069df]" started-at="2025-10-17T10:18:51 IST" name="tearDownClass" finished-at="2025-10-17T10:18:52 IST" duration-ms="75" status="PASS">
          <reporter-output>
          </reporter-output>
        </test-method> <!-- tearDownClass -->
        <test-method is-config="true" signature="afterSuite()[pri:0, instance:runners.TestRunner@16c069df]" started-at="2025-10-17T10:18:52 IST" name="afterSuite" finished-at="2025-10-17T10:18:52 IST" duration-ms="12" status="PASS">
          <reporter-output>
          </reporter-output>
        </test-method> <!-- afterSuite -->
      </class> <!-- runners.TestRunner -->
    </test> <!-- Test -->
  </suite> <!-- Suite -->
</testng-results>
