<?xml version="1.0" encoding="UTF-8"?>
<testng-results ignored="0" total="3" passed="3" failed="0" skipped="0">
  <reporter-output>
  </reporter-output>
  <suite started-at="2025-10-10T15:43:58 IST" name="Suite" finished-at="2025-10-10T15:45:27 IST" duration-ms="89041">
    <groups>
      <group name="cucumber">
        <method signature="AbstractTestNGCucumberTests.runScenario(io.cucumber.testng.PickleWrapper,io.cucumber.testng.FeatureWrapper)[pri:0, instance:runners.TestRunner@2b30a42c]" name="runScenario" class="io.cucumber.testng.AbstractTestNGCucumberTests"/>
      </group> <!-- cucumber -->
    </groups>
    <test started-at="2025-10-10T15:43:58 IST" name="Test" finished-at="2025-10-10T15:45:27 IST" duration-ms="89041">
      <class name="runners.TestRunner">
        <test-method is-config="true" signature="cleanReports()[pri:0, instance:runners.TestRunner@2b30a42c]" started-at="2025-10-10T15:43:58 IST" name="cleanReports" finished-at="2025-10-10T15:43:58 IST" duration-ms="67" status="PASS">
          <reporter-output>
          </reporter-output>
        </test-method> <!-- cleanReports -->
        <test-method is-config="true" signature="setUpClass(org.testng.ITestContext)[pri:0, instance:runners.TestRunner@2b30a42c]" started-at="2025-10-10T15:43:58 IST" name="setUpClass" finished-at="2025-10-10T15:43:59 IST" duration-ms="714" status="PASS">
          <params>
            <param index="0">
              <value>
                <![CDATA[org.testng.TestRunner@2864d34d]]>
              </value>
            </param>
          </params>
          <reporter-output>
          </reporter-output>
        </test-method> <!-- setUpClass -->
        <test-method signature="runScenario(io.cucumber.testng.PickleWrapper,io.cucumber.testng.FeatureWrapper)[pri:0, instance:runners.TestRunner@2b30a42c]" started-at="2025-10-10T15:43:59 IST" name="runScenario" description="Runs Cucumber Scenarios" data-provider="scenarios" finished-at="2025-10-10T15:44:25 IST" duration-ms="26763" status="PASS">
          <params>
            <param index="0">
              <value>
                <![CDATA["Verify Error Message for Invalid Mobile Number during Car Insurance Quote"]]>
              </value>
            </param>
            <param index="1">
              <value>
                <![CDATA["Car Insurance Quote Submission"]]>
              </value>
            </param>
          </params>
          <reporter-output>
          </reporter-output>
        </test-method> <!-- runScenario -->
        <test-method signature="runScenario(io.cucumber.testng.PickleWrapper,io.cucumber.testng.FeatureWrapper)[pri:0, instance:runners.TestRunner@2b30a42c]" started-at="2025-10-10T15:44:25 IST" name="runScenario" description="Runs Cucumber Scenarios" data-provider="scenarios" finished-at="2025-10-10T15:45:09 IST" duration-ms="43227" status="PASS">
          <params>
            <param index="0">
              <value>
                <![CDATA["Successfully navigate through the EGH insurance quote process"]]>
              </value>
            </param>
            <param index="1">
              <value>
                <![CDATA["EGH Insurance Quote Flow"]]>
              </value>
            </param>
          </params>
          <reporter-output>
          </reporter-output>
        </test-method> <!-- runScenario -->
        <test-method signature="runScenario(io.cucumber.testng.PickleWrapper,io.cucumber.testng.FeatureWrapper)[pri:0, instance:runners.TestRunner@2b30a42c]" started-at="2025-10-10T15:45:09 IST" name="runScenario" description="Runs Cucumber Scenarios" data-provider="scenarios" finished-at="2025-10-10T15:45:27 IST" duration-ms="18102" status="PASS">
          <params>
            <param index="0">
              <value>
                <![CDATA["Verify display of medical insurance options"]]>
              </value>
            </param>
            <param index="1">
              <value>
                <![CDATA["Medical Insurance Options Retrieval"]]>
              </value>
            </param>
          </params>
          <reporter-output>
          </reporter-output>
        </test-method> <!-- runScenario -->
        <test-method is-config="true" signature="tearDownClass()[pri:0, instance:runners.TestRunner@2b30a42c]" started-at="2025-10-10T15:45:27 IST" name="tearDownClass" finished-at="2025-10-10T15:45:27 IST" duration-ms="176" status="PASS">
          <reporter-output>
          </reporter-output>
        </test-method> <!-- tearDownClass -->
        <test-method is-config="true" signature="afterSuite()[pri:0, instance:runners.TestRunner@2b30a42c]" started-at="2025-10-10T15:45:27 IST" name="afterSuite" finished-at="2025-10-10T15:45:27 IST" duration-ms="7" status="PASS">
          <reporter-output>
          </reporter-output>
        </test-method> <!-- afterSuite -->
      </class> <!-- runners.TestRunner -->
    </test> <!-- Test -->
  </suite> <!-- Suite -->
</testng-results>
