<?xml version="1.0" encoding="UTF-8"?>
<testsuite xmlns:xsi="http://www.w3.org/2001/XMLSchema-instance" xsi:noNamespaceSchemaLocation="https://maven.apache.org/surefire/maven-surefire-plugin/xsd/surefire-test-report-3.0.xsd" version="3.0" name="TestSuite" time="90.775" tests="3" errors="0" skipped="0" failures="0">
  <properties>
[...]
</properties>
  <testcase name="runScenario[&quot;Verify Error Message for Invalid Mobile Number during Car Insurance Quote&quot;, &quot;Car Insurance Quote Submission&quot;](1)" classname="runners.TestRunner" time="26.766">
    <system-out><![CDATA[
Scenario: Verify Error Message for Invalid Mobile Number during Car Insurance Quote &amp#27;[90m# src/test/resources/features/CarInsurance.feature:10&amp#27;[0m
15:44:10 [main] INFO  stepdefinitions.CarInsuranceSteps - Navigated to Policybazaar Car Insurance page.
  &amp#27;[32mGiven &amp#27;[0m&amp#27;[32mI am on the Policybazaar Car Insurance page&amp#27;[0m                                 &amp#27;[90m# stepdefinitions.CarInsuranceSteps.i_am_on_the_policybazaar_car_insurance_page()&amp#27;[0m
15:44:13 [main] INFO  stepdefinitions.CarInsuranceSteps - Proceeded without entering car number.
  &amp#27;[32mWhen &amp#27;[0m&amp#27;[32mI proceed without entering a car number&amp#27;[0m                                      &amp#27;[90m# stepdefinitions.CarInsuranceSteps.i_proceed_without_entering_a_car_number()&amp#27;[0m
15:44:14 [main] INFO  stepdefinitions.CarInsuranceSteps - Selected city.
  &amp#27;[32mAnd &amp#27;[0m&amp#27;[32mI select the city&amp#27;[0m                                                             &amp#27;[90m# stepdefinitions.CarInsuranceSteps.i_select_the_city()&amp#27;[0m
15:44:15 [main] INFO  stepdefinitions.CarInsuranceSteps - Selected car brand.
  &amp#27;[32mAnd &amp#27;[0m&amp#27;[32mI select the car brand&amp#27;[0m                                                        &amp#27;[90m# stepdefinitions.CarInsuranceSteps.i_select_the_car_brand()&amp#27;[0m
15:44:16 [main] INFO  stepdefinitions.CarInsuranceSteps - Selected car model.
  &amp#27;[32mAnd &amp#27;[0m&amp#27;[32mI select the car model&amp#27;[0m                                                        &amp#27;[90m# stepdefinitions.CarInsuranceSteps.i_select_the_car_model()&amp#27;[0m
15:44:17 [main] INFO  stepdefinitions.CarInsuranceSteps - Selected fuel type.
  &amp#27;[32mAnd &amp#27;[0m&amp#27;[32mI select the fuel type&amp#27;[0m                                                        &amp#27;[90m# stepdefinitions.CarInsuranceSteps.i_select_the_fuel_type()&amp#27;[0m
15:44:18 [main] INFO  stepdefinitions.CarInsuranceSteps - Selected variant.
  &amp#27;[32mAnd &amp#27;[0m&amp#27;[32mI select the variant&amp#27;[0m                                                          &amp#27;[90m# stepdefinitions.CarInsuranceSteps.i_select_the_variant()&amp#27;[0m
15:44:20 [main] INFO  stepdefinitions.CarInsuranceSteps - Entered user details with name and invalid mobile number.
  &amp#27;[32mAnd &amp#27;[0m&amp#27;[32mI enter user details with name and invalid mobile number from config&amp#27;[0m          &amp#27;[90m# stepdefinitions.CarInsuranceSteps.i_enter_user_details_with_name_and_invalid_mobile_number_from_config()&amp#27;[0m
15:44:20 [main] INFO  stepdefinitions.CarInsuranceSteps - Captured Error Message: Enter a valid mobile number
15:44:20 [main] INFO  stepdefinitions.CarInsuranceSteps - Validated error message contains expected text.
  &amp#27;[32mThen &amp#27;[0m&amp#27;[32mI should see an error message containing &amp#27;[0m&amp#27;[32m&amp#27;[1m"valid"&amp#27;[0m&amp#27;[32m for the mobile number field&amp#27;[0m &amp#27;[90m# stepdefinitions.CarInsuranceSteps.i_should_see_an_error_message_containing_for_the_mobile_number_field(java.lang.String)&amp#27;[0m
15:44:20 [main] INFO  stepdefinitions.CarInsuranceSteps - Captured screenshot of error message.
  &amp#27;[32mThen &amp#27;[0m&amp#27;[32mI should capture the error message displayed&amp#27;[0m                                 &amp#27;[90m# stepdefinitions.CarInsuranceSteps.i_should_capture_the_error_message_displayed()&amp#27;[0m
]]></system-out>
    <system-err><![CDATA[[main] WARN org.testng.xml.TestNGContentHandler - It is strongly recommended to add "<!DOCTYPE suite SYSTEM "https://testng.org/testng-1.1.dtd" >" at the top of the suite file [C:\Users\2430655\Downloads\PolicyBazar_Atomation-master (3) 2 (1)\PolicyBazar_Atomation-master (3)\PolicyBazar_Atomation-master\PolicyBazar_Atomation-master\testng.xml] otherwise TestNG may fail or not work as expected.
Oct 10, 2025 3:44:06 PM org.openqa.selenium.devtools.CdpVersionFinder findNearestMatch
WARNING: Unable to find CDP implementation matching 140
Oct 10, 2025 3:44:06 PM org.openqa.selenium.chromium.ChromiumDriver lambda$new$5
WARNING: Unable to find version of CDP to use for 140.0.7339.186. You may need to include a dependency on a specific version of the CDP using something similar to `org.seleniumhq.selenium:selenium-devtools-v86:4.21.0` where the version ("v86") matches the version of the chromium-based browser you're using and the version number of the artifact is the same as Selenium's.
]]></system-err>
  </testcase>
  <testcase name="runScenario[&quot;Successfully navigate through the EGH insurance quote process&quot;, &quot;EGH Insurance Quote Flow&quot;](2)" classname="runners.TestRunner" time="43.221">
    <system-out><![CDATA[
Scenario: Successfully navigate through the EGH insurance quote process       &amp#27;[90m# src/test/resources/features/EGHlInsurance.feature:9&amp#27;[0m
15:44:33 [main] INFO  stepdefinitions.EGHInsuranceSteps - Navigated to Policybazaar website via @Before hook.
  &amp#27;[32mGiven &amp#27;[0m&amp#27;[32mI am on the Policybazaar website&amp#27;[0m                                      &amp#27;[90m# stepdefinitions.EGHInsuranceSteps.i_am_on_the_policybazaar_website()&amp#27;[0m
15:44:34 [main] INFO  stepdefinitions.EGHInsuranceSteps - Clicked on Employee Group Health Insurance link.
  &amp#27;[32mWhen &amp#27;[0m&amp#27;[32mthe user clicks on the Employee Group Health Insurance link&amp#27;[0m            &amp#27;[90m# stepdefinitions.EGHInsuranceSteps.user_clicks_on_egs_link()&amp#27;[0m
15:44:42 [main] INFO  stepdefinitions.EGHInsuranceSteps - Entered mobile number: 9876543210 and number of employees: 25
  &amp#27;[32mAnd &amp#27;[0m&amp#27;[32mthe user enters mobile number &amp#27;[0m&amp#27;[32m&amp#27;[1m"9876543210"&amp#27;[0m&amp#27;[32m and number of employees &amp#27;[0m&amp#27;[32m&amp#27;[1m"25"&amp#27;[0m &amp#27;[90m# stepdefinitions.EGHInsuranceSteps.user_enters_mobile_and_employees(java.lang.String,java.lang.String)&amp#27;[0m
15:44:44 [main] INFO  stepdefinitions.EGHInsuranceSteps - Clicked on View Plan Instantly.
  &amp#27;[32mAnd &amp#27;[0m&amp#27;[32mthe user clicks on View Plan Instantly&amp#27;[0m                                  &amp#27;[90m# stepdefinitions.EGHInsuranceSteps.user_clicks_on_view_plan_instantly()&amp#27;[0m
15:44:54 [main] INFO  stepdefinitions.EGHInsuranceSteps - Dialog appeared and user selected: Yes
  &amp#27;[32mAnd &amp#27;[0m&amp#27;[32mthe dialog appears and the user selects &amp#27;[0m&amp#27;[32m&amp#27;[1m"Yes"&amp#27;[0m                           &amp#27;[90m# stepdefinitions.EGHInsuranceSteps.dialog_appears_and_user_selects_yes(java.lang.String)&amp#27;[0m
15:44:54 [main] INFO  stepdefinitions.EGHInsuranceSteps - Entered company name: CTS
  &amp#27;[32mAnd &amp#27;[0m&amp#27;[32mthe user enters company name &amp#27;[0m&amp#27;[32m&amp#27;[1m"CTS"&amp#27;[0m                                      &amp#27;[90m# stepdefinitions.EGHInsuranceSteps.user_enters_company_name(java.lang.String)&amp#27;[0m
15:44:55 [main] INFO  stepdefinitions.EGHInsuranceSteps - Clicked on Continue button.
  &amp#27;[32mAnd &amp#27;[0m&amp#27;[32mthe user clicks on Continue button&amp#27;[0m                                      &amp#27;[90m# stepdefinitions.EGHInsuranceSteps.user_clicks_on_continue_button()&amp#27;[0m
15:44:57 [main] INFO  stepdefinitions.EGHInsuranceSteps - Selected city: Bengaluru
  &amp#27;[32mAnd &amp#27;[0m&amp#27;[32mthe user selects city &amp#27;[0m&amp#27;[32m&amp#27;[1m"Bengaluru"&amp#27;[0m                                       &amp#27;[90m# stepdefinitions.EGHInsuranceSteps.user_selects_city(java.lang.String)&amp#27;[0m
15:44:57 [main] INFO  stepdefinitions.EGHInsuranceSteps - Clicked on View Plans button.
  &amp#27;[32mAnd &amp#27;[0m&amp#27;[32mthe user clicks on View Plans button&amp#27;[0m                                    &amp#27;[90m# stepdefinitions.EGHInsuranceSteps.user_clicks_on_view_plans_button()&amp#27;[0m
15:45:03 [main] INFO  stepdefinitions.EGHInsuranceSteps - ----- Extracted Insurer Details -----
15:45:03 [main] INFO  stepdefinitions.EGHInsuranceSteps - Insurer: Aditya Birla Health, Logo URL: https://static.pbcdn.in/sme-cdn/images/insurer-logo/v2/Aditya_Birla@2x.png
15:45:03 [main] INFO  stepdefinitions.EGHInsuranceSteps - Insurer: ICICI Lombard General Insurance, Logo URL: https://static.pbcdn.in/sme-cdn/images/insurer-logo/v2/ICICI_Lombard@2x.png
15:45:03 [main] INFO  stepdefinitions.EGHInsuranceSteps - Insurer: Magma General Insurance, Logo URL: https://static.pbcdn.in/sme-cdn/images/insurer-logo/v2/MAGMA@2x.png
15:45:03 [main] INFO  stepdefinitions.EGHInsuranceSteps - Insurer: Niva Bupa, Logo URL: https://static.pbcdn.in/sme-cdn/images/insurer-logo/v2/Niva_Bupa@2x.png
15:45:03 [main] INFO  stepdefinitions.EGHInsuranceSteps - Insurer: Tata AIG, Logo URL: https://static.pbcdn.in/sme-cdn/images/insurer-logo/v2/Tata_AIG@2x.png
15:45:03 [main] INFO  stepdefinitions.EGHInsuranceSteps - Insurer: SBI General, Logo URL: https://static.pbcdn.in/sme-cdn/images/insurer-logo/v2/SBI@2x.png
15:45:03 [main] INFO  stepdefinitions.EGHInsuranceSteps - Insurer: Cholamandalam, Logo URL: https://static.pbcdn.in/sme-cdn/images/insurer-logo/v2/Cholamandalam@2x.png
15:45:03 [main] INFO  stepdefinitions.EGHInsuranceSteps - Insurer: Bajaj Allianz, Logo URL: https://static.pbcdn.in/sme-cdn/images/insurer-logo/v2/Bajaj_General@2x.png
15:45:03 [main] INFO  stepdefinitions.EGHInsuranceSteps - -------------------------------------
  &amp#27;[32mThen &amp#27;[0m&amp#27;[32mthe insurer names should be printed&amp#27;[0m                                    &amp#27;[90m# stepdefinitions.EGHInsuranceSteps.the_insurer_names_should_be_printed()&amp#27;[0m
]]></system-out>
    <system-err><![CDATA[Oct 10, 2025 3:44:30 PM org.openqa.selenium.devtools.CdpVersionFinder findNearestMatch
WARNING: Unable to find CDP implementation matching 140
Oct 10, 2025 3:44:30 PM org.openqa.selenium.chromium.ChromiumDriver lambda$new$5
WARNING: Unable to find version of CDP to use for 140.0.7339.186. You may need to include a dependency on a specific version of the CDP using something similar to `org.seleniumhq.selenium:selenium-devtools-v86:4.21.0` where the version ("v86") matches the version of the chromium-based browser you're using and the version number of the artifact is the same as Selenium's.
]]></system-err>
  </testcase>
  <testcase name="runScenario[&quot;Verify display of medical insurance options&quot;, &quot;Medical Insurance Options Retrieval&quot;](3)" classname="runners.TestRunner" time="18.101">
    <system-out><![CDATA[
Scenario: Verify display of medical insurance options                  &amp#27;[90m# src/test/resources/features/MedicalInsurance.feature:10&amp#27;[0m
15:45:18 [main] INFO  stepdefinitions.MedicalInsuranceSteps - Navigated to 'View All Products' section.
  &amp#27;[32mGiven &amp#27;[0m&amp#27;[32mI navigate to the &amp#27;[0m&amp#27;[32m&amp#27;[1m"View All Products"&amp#27;[0m&amp#27;[32m section&amp#27;[0m                  &amp#27;[90m# stepdefinitions.MedicalInsuranceSteps.i_navigate_to_the_section(java.lang.String)&amp#27;[0m
15:45:19 [main] INFO  stepdefinitions.MedicalInsuranceSteps - Fetched medical insurance options.
  &amp#27;[32mWhen &amp#27;[0m&amp#27;[32mI fetch the list of medical insurance options&amp#27;[0m                   &amp#27;[90m# stepdefinitions.MedicalInsuranceSteps.i_fetch_the_list_of_medical_insurance_options()&amp#27;[0m
15:45:19 [main] INFO  stepdefinitions.MedicalInsuranceSteps - Number of options fetched: 6
  &amp#27;[32mThen &amp#27;[0m&amp#27;[32mI should see more than zero medical insurance options displayed&amp#27;[0m &amp#27;[90m# stepdefinitions.MedicalInsuranceSteps.i_should_see_more_than_zero_medical_insurance_options_displayed()&amp#27;[0m
15:45:19 [main] INFO  stepdefinitions.MedicalInsuranceSteps - --- Fetched Medical Insurance Options ---
15:45:19 [main] INFO  stepdefinitions.MedicalInsuranceSteps - - Health
15:45:20 [main] INFO  stepdefinitions.MedicalInsuranceSteps - - OPD
15:45:20 [main] INFO  stepdefinitions.MedicalInsuranceSteps - - 1 Cr health
Cover
15:45:20 [main] INFO  stepdefinitions.MedicalInsuranceSteps - - Arogya
Sanjeeva…
15:45:20 [main] INFO  stepdefinitions.MedicalInsuranceSteps - - Family 
Health Insurance
15:45:20 [main] INFO  stepdefinitions.MedicalInsuranceSteps - - Cancer
Insurance
Excel file saved: ./src/test/resources/testdata/MedicalInsuranceOptions.xlsx
Excel file saved: .//src/test/resources/testdata/MedicalInsuranceOptions.xlsx
15:45:22 [main] INFO  stepdefinitions.MedicalInsuranceSteps - -----------------------------------------
  &amp#27;[32mAnd &amp#27;[0m&amp#27;[32mI should print all fetched medical insurance options&amp#27;[0m             &amp#27;[90m# stepdefinitions.MedicalInsuranceSteps.i_should_print_all_fetched_medical_insurance_options()&amp#27;[0m
]]></system-out>
    <system-err><![CDATA[Oct 10, 2025 3:45:13 PM org.openqa.selenium.devtools.CdpVersionFinder findNearestMatch
WARNING: Unable to find CDP implementation matching 140
Oct 10, 2025 3:45:13 PM org.openqa.selenium.chromium.ChromiumDriver lambda$new$5
WARNING: Unable to find version of CDP to use for 140.0.7339.186. You may need to include a dependency on a specific version of the CDP using something similar to `org.seleniumhq.selenium:selenium-devtools-v86:4.21.0` where the version ("v86") matches the version of the chromium-based browser you're using and the version number of the artifact is the same as Selenium's.
]]></system-err>
  </testcase>
</testsuite>